IIC:  82BDEDEDB804269B42760E2974F87416  FIC: b9f43057-9e6a-41f9-b1a9-19fea5f256ce
slipRes: %v &{72 14 59 82BDEDEDB804269B42760E2974F87416 b9f430579e6a41f9b1a919fea5f256ce 32 32 65 http://www.kasat.al/k1/4841625c-b566-4c9d-95be-42d87ec6243a }
IIC:  C26CC976246E7506B3627126152901F1  FIC: fd639b1a-9a7d-43c4-8c57-3f1f4dacef83
slipRes: %v &{72 14 59 C26CC976246E7506B3627126152901F1 fd639b1a9a7d43c48c573f1f4dacef83 32 32 65 http://www.kasat.al/k1/04563ebc-af6b-442d-b0d3-c25ce498a3f5 }
IIC:  F4400E05EE9CC48C3FE5B486CD9DD7F8  FIC: e4ac0bf0-c184-46a0-9dc5-4e5663d08f15
slipRes: %v &{72 14 59 F4400E05EE9CC48C3FE5B486CD9DD7F8 e4ac0bf0c18446a09dc54e5663d08f15 32 32 65 http://www.kasat.al/k1/a3178855-5539-4e47-8015-8e8c48e96dde }
IIC:  9E93EA275EFC26133290FDE405A3529C  FIC: de3ce80b-477e-404d-b518-8135e92d0e8e
slipRes: %v &{72 14 59 9E93EA275EFC26133290FDE405A3529C de3ce80b477e404db5188135e92d0e8e 32 32 65 http://www.kasat.al/k1/f7b802ea-c6c1-4448-b4e8-58d5a4491f35 }
IIC:  0F05FE983A02B91291C83C176C077276  FIC: 911b829d-7f3e-40f6-9d7e-b17b3295c88b
slipRes: %v &{72 14 59 0F05FE983A02B91291C83C176C077276 911b829d7f3e40f69d7eb17b3295c88b 32 32 65 http://www.kasat.al/k1/fb3051c9-792e-45ab-b430-d0bcf330ea78 }
IIC:  A5A55EC8253BE9CFC3827A56A1961F0D  FIC: 52749e70-58a9-4f00-b1c5-b33e6da29a7f
slipRes: %v &{72 14 59 A5A55EC8253BE9CFC3827A56A1961F0D 52749e7058a94f00b1c5b33e6da29a7f 32 32 65 http://www.kasat.al/k1/cd6eb28d-cad3-4c8f-91ef-57d9e911536a }
IIC:  052C57CF66CDE59643A0E6E0EB7D7BC7  FIC: a153b3d7-d96e-4d83-ad86-9028e38007db
slipRes: %v &{72 14 59 052C57CF66CDE59643A0E6E0EB7D7BC7 a153b3d7d96e4d83ad869028e38007db 32 32 65 http://www.kasat.al/k1/9748d89e-2afa-4ce2-b162-74e95cbffac3 }
IIC:  7FBD4DC3A69C40EB86393B6993075ABA  FIC: 4a7e49e7-e50d-49ea-9846-ebe70f74184a
slipRes: %v &{72 14 59 7FBD4DC3A69C40EB86393B6993075ABA 4a7e49e7e50d49ea9846ebe70f74184a 32 32 65 http://www.kasat.al/k1/a32f3b67-5ecc-4fdd-a86f-9b65002fb97e }
IIC:  08327F58BB95E84547ABB43EB48F4342  FIC: 8f21d14e-7229-4264-bb02-0853e88a68fe
slipRes: %v &{72 14 59 08327F58BB95E84547ABB43EB48F4342 8f21d14e72294264bb020853e88a68fe 32 32 65 http://www.kasat.al/k1/3673e442-d56f-4397-a89b-7fbbe8521264 }
IIC:  B573E1F62BB972DF0E6958CF7FC47A71  FIC: 2852076e-cab4-42a3-8049-7cc34bf62eb3
slipRes: %v &{72 14 59 B573E1F62BB972DF0E6958CF7FC47A71 2852076ecab442a380497cc34bf62eb3 32 32 65 http://www.kasat.al/k1/17593ae6-dce1-4892-ae60-bc50e7036e12 }
IIC:  4BE7445904008A09E494E94BE690C95E  FIC: 247ccd6d-4fc5-4daa-b8c5-7223fcd7efde
slipRes: %v &{72 14 59 4BE7445904008A09E494E94BE690C95E 247ccd6d4fc54daab8c57223fcd7efde 32 32 65 http://www.kasat.al/k1/df9a576d-ae1f-4231-aa8f-e7a6c6373caf }
IIC:  59FA1BE2EB7E3854AE63A93529E1B5C8  FIC: b46350eb-dbb5-4a02-a6bc-df6d56d670ed
slipRes: %v &{72 14 59 59FA1BE2EB7E3854AE63A93529E1B5C8 b46350ebdbb54a02a6bcdf6d56d670ed 32 32 65 http://www.kasat.al/k1/32f0c0ff-1b33-48df-b664-60f1c87bb66b }
IIC:  2954BF1A17B7075D26BD339623629549  FIC: 4c1698e6-1baa-4b4a-9d1c-795c48ba3975
slipRes: %v &{72 14 59 2954BF1A17B7075D26BD339623629549 4c1698e61baa4b4a9d1c795c48ba3975 32 32 65 http://www.kasat.al/k1/a282d8f1-8037-4cfd-aa0f-aa237f4d8983 }
IIC:  3F855D04045573A4497FAC8092E0F2F3  FIC: a62c8a3b-1c9e-4bd1-9bc8-a0b98244b5ec
slipRes: %v &{72 14 59 3F855D04045573A4497FAC8092E0F2F3 a62c8a3b1c9e4bd19bc8a0b98244b5ec 32 32 65 http://www.kasat.al/k1/266a0c16-824a-4c73-8e9f-de5a86461b77 }
IIC:  C2BFEECFA1D1636CD951731C62439DE3  FIC: 0ebb1549-3565-46c1-bf4b-978f02f512f7
slipRes: %v &{72 14 59 C2BFEECFA1D1636CD951731C62439DE3 0ebb1549356546c1bf4b978f02f512f7 32 32 65 http://www.kasat.al/k1/bf9dca06-4d38-46b9-9988-3ccab390ff96 }
IIC:  ADA5F55162DAB70221B298A186C4701C  FIC: a20e8ae3-7e75-48d2-bdf5-db25e168e039
slipRes: %v &{72 14 59 ADA5F55162DAB70221B298A186C4701C a20e8ae37e7548d2bdf5db25e168e039 32 32 65 http://www.kasat.al/k1/f5e2f760-4270-4f71-99c1-6431d466a859 }
IIC:  D467DCE416110D399CF0149AC9F9042F  FIC: 06a0c048-c2bf-4970-b6fd-041fbd016e86
slipRes: %v &{72 14 59 D467DCE416110D399CF0149AC9F9042F 06a0c048c2bf4970b6fd041fbd016e86 32 32 65 http://www.kasat.al/k1/42596478-66a2-470c-b2a1-a9ddfa6c8abc }
IIC:  5E4B11474D736964F6A85D7ADAACC4BC  FIC: faac5eea-627b-4003-bf30-e320c644ec35
slipRes: %v &{72 14 59 5E4B11474D736964F6A85D7ADAACC4BC faac5eea627b4003bf30e320c644ec35 32 32 65 http://www.kasat.al/k1/68512406-f146-4c69-8d6d-769952e2f698 }
IIC:  E4D35735CA23A41C3479ADCF0F64BA0B  FIC: 5d682719-01ad-4f0d-93a2-a399bf2d16ef
slipRes: %v &{72 14 59 E4D35735CA23A41C3479ADCF0F64BA0B 5d68271901ad4f0d93a2a399bf2d16ef 32 32 65 http://www.kasat.al/k1/5d66b0ac-35a4-4a42-a0a6-a0a56f14814e }
IIC:  59897FFB477C12196CA9ECED759BBBE9  FIC: 303268fe-a638-4775-9219-e2a8f13f4ba1
slipRes: %v &{72 14 59 59897FFB477C12196CA9ECED759BBBE9 303268fea63847759219e2a8f13f4ba1 32 32 65 http://www.kasat.al/k1/db914e21-7e1a-4f0a-82aa-f0d256d91b69 }
IIC:  B4C0BA5A1366AFF7933058E609859F3A  FIC: 1d77d75f-5d26-4ca6-b6be-9085638c528f
slipRes: %v &{72 14 59 B4C0BA5A1366AFF7933058E609859F3A 1d77d75f5d264ca6b6be9085638c528f 32 32 65 http://www.kasat.al/k1/69547a06-5ceb-41ff-81ab-fcf3d407c748 }
IIC:  0F9EE378BF42CDA65986EEBE9696EEB7  FIC: 1b8a6bbc-5742-4332-8f2b-c48107cb7bb8
slipRes: %v &{72 14 59 0F9EE378BF42CDA65986EEBE9696EEB7 1b8a6bbc574243328f2bc48107cb7bb8 32 32 65 http://www.kasat.al/k1/882472a5-3680-487e-9ede-bfb96386da4a }
IIC:  3EDFB582D2AA4F460D68F1AEA990DB5E  FIC: cb330e62-942f-411f-9c77-d47c9a7d65d4
slipRes: %v &{72 14 59 3EDFB582D2AA4F460D68F1AEA990DB5E cb330e62942f411f9c77d47c9a7d65d4 32 32 65 http://www.kasat.al/k1/4b9c9e25-1ae2-4b25-8ad6-441e45752f1c }
IIC:  665444DAC85666087E7F08CA37C43C76  FIC: 3f07cef3-5e91-4fb1-bd97-6a1b8662deac
slipRes: %v &{72 14 59 665444DAC85666087E7F08CA37C43C76 3f07cef35e914fb1bd976a1b8662deac 32 32 65 http://www.kasat.al/k1/49e25ae2-a523-442a-8dbd-9c4a6bf7f2ec }
IIC:  3E6F15F616F92BC97F5F7F41D7765E27  FIC: 1e6db782-b957-428b-800a-f4bba296ebf2
slipRes: %v &{72 14 59 3E6F15F616F92BC97F5F7F41D7765E27 1e6db782b957428b800af4bba296ebf2 32 32 65 http://www.kasat.al/k1/3ff62ea8-41ee-4bd5-9ab6-f79cdbc71437 }
